<?xml version="1.0" encoding="utf-8"?>
<TestRun id="12345678-1234-1234-1234-123456789012" name="Sample Test Run" runUser="developer@example.com" xmlns="http://microsoft.com/schemas/VisualStudio/TeamTest/2010">
  <Times creation="2025-11-13T10:00:00.0000000-05:00" queuing="2025-11-13T10:00:00.0000000-05:00" start="2025-11-13T10:00:01.0000000-05:00" finish="2025-11-13T10:00:15.0000000-05:00" />
  <TestSettings name="default" id="87654321-4321-4321-4321-210987654321">
    <Deployment runDeploymentRoot="TestResults" />
  </TestSettings>
  <Results>
    <UnitTestResult executionId="11111111-1111-1111-1111-111111111111" testId="22222222-2222-2222-2222-222222222222" testName="LoginTest.ValidCredentials_ShouldSucceed" computerName="TESTMACHINE" duration="00:00:01.2345678" startTime="2025-11-13T10:00:01.0000000-05:00" endTime="2025-11-13T10:00:02.2345678-05:00" testType="13cdc9d9-ddb5-4fa4-a97d-d965ccfc6d4b" outcome="Passed" testListId="8c84fa94-04c1-424b-9868-57a2d4851a1d" relativeResultsDirectory="11111111-1111-1111-1111-111111111111">
    </UnitTestResult>
    <UnitTestResult executionId="33333333-3333-3333-3333-333333333333" testId="44444444-4444-4444-4444-444444444444" testName="LoginTest.InvalidPassword_ShouldFail" computerName="TESTMACHINE" duration="00:00:00.5678901" startTime="2025-11-13T10:00:02.2345678-05:00" endTime="2025-11-13T10:00:02.8024579-05:00" testType="13cdc9d9-ddb5-4fa4-a97d-d965ccfc6d4b" outcome="Passed" testListId="8c84fa94-04c1-424b-9868-57a2d4851a1d" relativeResultsDirectory="33333333-3333-3333-3333-333333333333">
    </UnitTestResult>
    <UnitTestResult executionId="55555555-5555-5555-5555-555555555555" testId="66666666-6666-6666-6666-666666666666" testName="CalculatorTest.Addition_ShouldReturnCorrectSum" computerName="TESTMACHINE" duration="00:00:00.0987654" startTime="2025-11-13T10:00:02.8024579-05:00" endTime="2025-11-13T10:00:02.9012233-05:00" testType="13cdc9d9-ddb5-4fa4-a97d-d965ccfc6d4b" outcome="Passed" testListId="8c84fa94-04c1-424b-9868-57a2d4851a1d" relativeResultsDirectory="55555555-5555-5555-5555-555555555555">
    </UnitTestResult>
    <UnitTestResult executionId="77777777-7777-7777-7777-777777777777" testId="88888888-8888-8888-8888-888888888888" testName="CalculatorTest.Division_ByZero_ShouldThrowException" computerName="TESTMACHINE" duration="00:00:00.1234567" startTime="2025-11-13T10:00:02.9012233-05:00" endTime="2025-11-13T10:00:03.0246800-05:00" testType="13cdc9d9-ddb5-4fa4-a97d-d965ccfc6d4b" outcome="Failed" testListId="8c84fa94-04c1-424b-9868-57a2d4851a1d" relativeResultsDirectory="77777777-7777-7777-7777-777777777777">
      <Output>
        <ErrorInfo>
          <Message>Expected exception of type DivideByZeroException but no exception was thrown.</Message>
          <StackTrace>   at CalculatorTests.CalculatorTest.Division_ByZero_ShouldThrowException() in C:\Projects\Tests\CalculatorTest.cs:line 45</StackTrace>
        </ErrorInfo>
      </Output>
    </UnitTestResult>
    <UnitTestResult executionId="99999999-9999-9999-9999-999999999999" testId="aaaaaaaa-aaaa-aaaa-aaaa-aaaaaaaaaaaa" testName="DatabaseTest.ConnectionString_ShouldConnect" computerName="TESTMACHINE" duration="00:00:02.5432109" startTime="2025-11-13T10:00:03.0246800-05:00" endTime="2025-11-13T10:00:05.5678909-05:00" testType="13cdc9d9-ddb5-4fa4-a97d-d965ccfc6d4b" outcome="Passed" testListId="8c84fa94-04c1-424b-9868-57a2d4851a1d" relativeResultsDirectory="99999999-9999-9999-9999-999999999999">
    </UnitTestResult>
    <UnitTestResult executionId="bbbbbbbb-bbbb-bbbb-bbbb-bbbbbbbbbbbb" testId="cccccccc-cccc-cccc-cccc-cccccccccccc" testName="ApiTest.GetUser_WithValidId_ShouldReturnUser" computerName="TESTMACHINE" duration="00:00:01.8765432" startTime="2025-11-13T10:00:05.5678909-05:00" endTime="2025-11-13T10:00:07.4444341-05:00" testType="13cdc9d9-ddb5-4fa4-a97d-d965ccfc6d4b" outcome="Failed" testListId="8c84fa94-04c1-424b-9868-57a2d4851a1d" relativeResultsDirectory="bbbbbbbb-bbbb-bbbb-bbbb-bbbbbbbbbbbb">
      <Output>
        <ErrorInfo>
          <Message>Assert.AreEqual failed. Expected:&lt;John Doe&gt;. Actual:&lt;Jane Doe&gt;.</Message>
          <StackTrace>   at ApiTests.ApiTest.GetUser_WithValidId_ShouldReturnUser() in C:\Projects\Tests\ApiTest.cs:line 23
   at System.RuntimeMethodHandle.InvokeMethod(Object target, Object[] arguments, Signature sig, Boolean constructor)</StackTrace>
        </ErrorInfo>
      </Output>
    </UnitTestResult>
    <UnitTestResult executionId="dddddddd-dddd-dddd-dddd-dddddddddddd" testId="eeeeeeee-eeee-eeee-eeee-eeeeeeeeeeee" testName="ValidationTest.Email_ValidFormat_ShouldPass" computerName="TESTMACHINE" duration="00:00:00.0456789" startTime="2025-11-13T10:00:07.4444341-05:00" endTime="2025-11-13T10:00:07.4901130-05:00" testType="13cdc9d9-ddb5-4fa4-a97d-d965ccfc6d4b" outcome="Passed" testListId="8c84fa94-04c1-424b-9868-57a2d4851a1d" relativeResultsDirectory="dddddddd-dddd-dddd-dddd-dddddddddddd">
    </UnitTestResult>
    <UnitTestResult executionId="ffffffff-ffff-ffff-ffff-ffffffffffff" testId="00000000-0000-0000-0000-000000000000" testName="ValidationTest.Email_InvalidFormat_ShouldFail" computerName="TESTMACHINE" duration="00:00:00.0321098" startTime="2025-11-13T10:00:07.4901130-05:00" endTime="2025-11-13T10:00:07.5222228-05:00" testType="13cdc9d9-ddb5-4fa4-a97d-d965ccfc6d4b" outcome="Passed" testListId="8c84fa94-04c1-424b-9868-57a2d4851a1d" relativeResultsDirectory="ffffffff-ffff-ffff-ffff-ffffffffffff">
    </UnitTestResult>
  </Results>
  <TestDefinitions>
    <UnitTest name="LoginTest.ValidCredentials_ShouldSucceed" storage="tests.dll" id="22222222-2222-2222-2222-222222222222">
      <Execution id="11111111-1111-1111-1111-111111111111" />
      <TestMethod codeBase="Tests.dll" adapterTypeName="executor://mstestadapter/v2" className="LoginTest" name="ValidCredentials_ShouldSucceed" />
    </UnitTest>
  </TestDefinitions>
  <TestEntries>
    <TestEntry testId="22222222-2222-2222-2222-222222222222" executionId="11111111-1111-1111-1111-111111111111" testListId="8c84fa94-04c1-424b-9868-57a2d4851a1d" />
  </TestEntries>
  <TestLists>
    <TestList name="Results Not in a List" id="8c84fa94-04c1-424b-9868-57a2d4851a1d" />
    <TestList name="All Loaded Results" id="19431567-8539-422a-85d7-44ee4e166bda" />
  </TestLists>
  <ResultSummary outcome="Failed">
    <Counters total="8" executed="8" passed="6" failed="2" error="0" timeout="0" aborted="0" inconclusive="0" passedButRunAborted="0" notRunnable="0" notExecuted="0" disconnected="0" warning="0" completed="0" inProgress="0" pending="0" />
  </ResultSummary>
</TestRun>
